<?xml version="1.0" encoding="UTF-8"?>
<!-- Generated by org.testng.reporters.JUnitXMLReporter -->
<testsuite ignored="0" hostname="DESKTOP-5BKKI8L" failures="0" tests="4" name="Default test" time="0.238" errors="0" timestamp="2024-04-11T05:45:34 PDT">
  <testcase classname="com.allianz.test.LoginUITest" name="discriptionOfTheSite" time="0.027"/>
  <testcase classname="com.allianz.test.LoginUITest" name="titleTest" time="0.006"/>
  <testcase classname="com.allianz.test.LoginUITest" name="titleTest" time="0.012"/>
  <testcase classname="com.allianz.test.LoginUITest" name="titleTest" time="0.012"/>
</testsuite> <!-- Default test -->
