<?xml version="1.0" encoding="UTF-8"?>
<testng-results ignored="0" total="4" passed="4" failed="0" skipped="0">
  <reporter-output>
  </reporter-output>
  <suite started-at="2024-04-11T05:45:34 PDT" name="Default suite" finished-at="2024-04-11T05:45:34 PDT" duration-ms="238">
    <groups>
    </groups>
    <test started-at="2024-04-11T05:45:34 PDT" name="Default test" finished-at="2024-04-11T05:45:34 PDT" duration-ms="238">
      <class name="com.allianz.test.LoginUITest">
        <test-method signature="discriptionOfTheSite()[pri:0, instance:com.allianz.test.LoginUITest@3cebbb30]" started-at="2024-04-11T05:45:34 PDT" name="discriptionOfTheSite" finished-at="2024-04-11T05:45:34 PDT" duration-ms="27" status="PASS">
          <reporter-output>
          </reporter-output>
        </test-method> <!-- discriptionOfTheSite -->
        <test-method signature="titleTest()[pri:0, instance:com.allianz.test.LoginUITest@3cebbb30]" started-at="2024-04-11T05:45:34 PDT" name="titleTest" finished-at="2024-04-11T05:45:34 PDT" duration-ms="6" status="PASS">
          <reporter-output>
          </reporter-output>
        </test-method> <!-- titleTest -->
        <test-method signature="titleTest()[pri:0, instance:com.allianz.test.LoginUITest@3cebbb30]" started-at="2024-04-11T05:45:34 PDT" name="titleTest" finished-at="2024-04-11T05:45:34 PDT" duration-ms="12" status="PASS">
          <reporter-output>
          </reporter-output>
        </test-method> <!-- titleTest -->
        <test-method signature="titleTest()[pri:0, instance:com.allianz.test.LoginUITest@3cebbb30]" started-at="2024-04-11T05:45:34 PDT" name="titleTest" finished-at="2024-04-11T05:45:34 PDT" duration-ms="12" status="PASS">
          <reporter-output>
          </reporter-output>
        </test-method> <!-- titleTest -->
      </class> <!-- com.allianz.test.LoginUITest -->
    </test> <!-- Default test -->
  </suite> <!-- Default suite -->
</testng-results>
